Build started 14/04/2016 14:43:12.
     1>Project "H:\Desktop\OpGL\openglex-18\openglex-18\openglex-18.vcxproj" on node 2 (Build target(s)).
     1>ClCompile:
         C:\Program Files (x86)\Microsoft Visual Studio 11.0\VC\bin\CL.exe /c /ZI /nologo /W3 /WX- /sdl /Od /Oy- /D SFML_STATIC /D WIN32 /D _DEBUG /D _CONSOLE /D _USING_V110_SDK71_ /D _UNICODE /D UNICODE /Gm /EHsc /RTC1 /MDd /GS /fp:precise /Zc:wchar_t /Zc:forScope /Yu"stdafx.h" /Fp"Debug\openglex-18.pch" /Fo"Debug\\" /Fd"Debug\vc110.pdb" /Gd /TP /analyze- /errorReport:prompt "openglex-18.cpp"
         openglex-18.cpp
       Link:
         C:\Program Files (x86)\Microsoft Visual Studio 11.0\VC\bin\link.exe /ERRORREPORT:PROMPT /OUT:"H:\Desktop\OpGL\openglex-18\Debug\openglex-18.exe" /INCREMENTAL /NOLOGO User32.lib gdi32.lib winmm.lib glew32s.lib "sfml-system-s-d.lib" "sfml-window-s-d.lib" "sfml-graphics-s-d.lib" opengl32.lib glu32.lib kernel32.lib user32.lib gdi32.lib winspool.lib comdlg32.lib advapi32.lib shell32.lib ole32.lib oleaut32.lib uuid.lib odbc32.lib odbccp32.lib /MANIFEST /MANIFESTUAC:"level='asInvoker' uiAccess='false'" /manifest:embed /DEBUG /PDB:"H:\Desktop\OpGL\openglex-18\Debug\openglex-18.pdb" /SUBSYSTEM:CONSOLE,"5.01" /TLBID:1 /DYNAMICBASE /NXCOMPAT /IMPLIB:"H:\Desktop\OpGL\openglex-18\Debug\openglex-18.lib" /MACHINE:X86 Debug\Camera.obj
         Debug\Model.obj
         Debug\ModelReader.obj
         "Debug\openglex-18.obj"
         Debug\Scene.obj
         Debug\stdafx.obj
         Debug\TextureLoader.obj
     1>sfml-system-s-d.lib(Clock.cpp.obj) : warning LNK4099: PDB 'sfml-system-s-d.pdb' was not found with 'sfml-system-s-d.lib(Clock.cpp.obj)' or at 'H:\Desktop\OpGL\openglex-18\Debug\sfml-system-s-d.pdb'; linking object as if no debug info
     1>sfml-system-s-d.lib(Err.cpp.obj) : warning LNK4099: PDB 'sfml-system-s-d.pdb' was not found with 'sfml-system-s-d.lib(Err.cpp.obj)' or at 'H:\Desktop\OpGL\openglex-18\Debug\sfml-system-s-d.pdb'; linking object as if no debug info
     1>sfml-system-s-d.lib(Lock.cpp.obj) : warning LNK4099: PDB 'sfml-system-s-d.pdb' was not found with 'sfml-system-s-d.lib(Lock.cpp.obj)' or at 'H:\Desktop\OpGL\openglex-18\Debug\sfml-system-s-d.pdb'; linking object as if no debug info
     1>sfml-system-s-d.lib(Mutex.cpp.obj) : warning LNK4099: PDB 'sfml-system-s-d.pdb' was not found with 'sfml-system-s-d.lib(Mutex.cpp.obj)' or at 'H:\Desktop\OpGL\openglex-18\Debug\sfml-system-s-d.pdb'; linking object as if no debug info
     1>sfml-system-s-d.lib(Sleep.cpp.obj) : warning LNK4099: PDB 'sfml-system-s-d.pdb' was not found with 'sfml-system-s-d.lib(Sleep.cpp.obj)' or at 'H:\Desktop\OpGL\openglex-18\Debug\sfml-system-s-d.pdb'; linking object as if no debug info
     1>sfml-system-s-d.lib(String.cpp.obj) : warning LNK4099: PDB 'sfml-system-s-d.pdb' was not found with 'sfml-system-s-d.lib(String.cpp.obj)' or at 'H:\Desktop\OpGL\openglex-18\Debug\sfml-system-s-d.pdb'; linking object as if no debug info
     1>sfml-system-s-d.lib(ThreadLocal.cpp.obj) : warning LNK4099: PDB 'sfml-system-s-d.pdb' was not found with 'sfml-system-s-d.lib(ThreadLocal.cpp.obj)' or at 'H:\Desktop\OpGL\openglex-18\Debug\sfml-system-s-d.pdb'; linking object as if no debug info
     1>sfml-system-s-d.lib(Time.cpp.obj) : warning LNK4099: PDB 'sfml-system-s-d.pdb' was not found with 'sfml-system-s-d.lib(Time.cpp.obj)' or at 'H:\Desktop\OpGL\openglex-18\Debug\sfml-system-s-d.pdb'; linking object as if no debug info
     1>sfml-system-s-d.lib(ClockImpl.cpp.obj) : warning LNK4099: PDB 'sfml-system-s-d.pdb' was not found with 'sfml-system-s-d.lib(ClockImpl.cpp.obj)' or at 'H:\Desktop\OpGL\openglex-18\Debug\sfml-system-s-d.pdb'; linking object as if no debug info
     1>sfml-system-s-d.lib(MutexImpl.cpp.obj) : warning LNK4099: PDB 'sfml-system-s-d.pdb' was not found with 'sfml-system-s-d.lib(MutexImpl.cpp.obj)' or at 'H:\Desktop\OpGL\openglex-18\Debug\sfml-system-s-d.pdb'; linking object as if no debug info
     1>sfml-system-s-d.lib(SleepImpl.cpp.obj) : warning LNK4099: PDB 'sfml-system-s-d.pdb' was not found with 'sfml-system-s-d.lib(SleepImpl.cpp.obj)' or at 'H:\Desktop\OpGL\openglex-18\Debug\sfml-system-s-d.pdb'; linking object as if no debug info
     1>sfml-system-s-d.lib(ThreadLocalImpl.cpp.obj) : warning LNK4099: PDB 'sfml-system-s-d.pdb' was not found with 'sfml-system-s-d.lib(ThreadLocalImpl.cpp.obj)' or at 'H:\Desktop\OpGL\openglex-18\Debug\sfml-system-s-d.pdb'; linking object as if no debug info
     1>sfml-window-s-d.lib(GlContext.cpp.obj) : warning LNK4099: PDB 'sfml-window-s-d.pdb' was not found with 'sfml-window-s-d.lib(GlContext.cpp.obj)' or at 'H:\Desktop\OpGL\openglex-18\Debug\sfml-window-s-d.pdb'; linking object as if no debug info
     1>sfml-window-s-d.lib(GlResource.cpp.obj) : warning LNK4099: PDB 'sfml-window-s-d.pdb' was not found with 'sfml-window-s-d.lib(GlResource.cpp.obj)' or at 'H:\Desktop\OpGL\openglex-18\Debug\sfml-window-s-d.pdb'; linking object as if no debug info
     1>sfml-window-s-d.lib(JoystickManager.cpp.obj) : warning LNK4099: PDB 'sfml-window-s-d.pdb' was not found with 'sfml-window-s-d.lib(JoystickManager.cpp.obj)' or at 'H:\Desktop\OpGL\openglex-18\Debug\sfml-window-s-d.pdb'; linking object as if no debug info
     1>sfml-window-s-d.lib(Keyboard.cpp.obj) : warning LNK4099: PDB 'sfml-window-s-d.pdb' was not found with 'sfml-window-s-d.lib(Keyboard.cpp.obj)' or at 'H:\Desktop\OpGL\openglex-18\Debug\sfml-window-s-d.pdb'; linking object as if no debug info
     1>sfml-window-s-d.lib(Mouse.cpp.obj) : warning LNK4099: PDB 'sfml-window-s-d.pdb' was not found with 'sfml-window-s-d.lib(Mouse.cpp.obj)' or at 'H:\Desktop\OpGL\openglex-18\Debug\sfml-window-s-d.pdb'; linking object as if no debug info
     1>sfml-window-s-d.lib(VideoMode.cpp.obj) : warning LNK4099: PDB 'sfml-window-s-d.pdb' was not found with 'sfml-window-s-d.lib(VideoMode.cpp.obj)' or at 'H:\Desktop\OpGL\openglex-18\Debug\sfml-window-s-d.pdb'; linking object as if no debug info
     1>sfml-window-s-d.lib(Window.cpp.obj) : warning LNK4099: PDB 'sfml-window-s-d.pdb' was not found with 'sfml-window-s-d.lib(Window.cpp.obj)' or at 'H:\Desktop\OpGL\openglex-18\Debug\sfml-window-s-d.pdb'; linking object as if no debug info
     1>sfml-window-s-d.lib(WindowImpl.cpp.obj) : warning LNK4099: PDB 'sfml-window-s-d.pdb' was not found with 'sfml-window-s-d.lib(WindowImpl.cpp.obj)' or at 'H:\Desktop\OpGL\openglex-18\Debug\sfml-window-s-d.pdb'; linking object as if no debug info
     1>sfml-window-s-d.lib(WglContext.cpp.obj) : warning LNK4099: PDB 'sfml-window-s-d.pdb' was not found with 'sfml-window-s-d.lib(WglContext.cpp.obj)' or at 'H:\Desktop\OpGL\openglex-18\Debug\sfml-window-s-d.pdb'; linking object as if no debug info
     1>sfml-window-s-d.lib(InputImpl.cpp.obj) : warning LNK4099: PDB 'sfml-window-s-d.pdb' was not found with 'sfml-window-s-d.lib(InputImpl.cpp.obj)' or at 'H:\Desktop\OpGL\openglex-18\Debug\sfml-window-s-d.pdb'; linking object as if no debug info
     1>sfml-window-s-d.lib(JoystickImpl.cpp.obj) : warning LNK4099: PDB 'sfml-window-s-d.pdb' was not found with 'sfml-window-s-d.lib(JoystickImpl.cpp.obj)' or at 'H:\Desktop\OpGL\openglex-18\Debug\sfml-window-s-d.pdb'; linking object as if no debug info
     1>sfml-window-s-d.lib(VideoModeImpl.cpp.obj) : warning LNK4099: PDB 'sfml-window-s-d.pdb' was not found with 'sfml-window-s-d.lib(VideoModeImpl.cpp.obj)' or at 'H:\Desktop\OpGL\openglex-18\Debug\sfml-window-s-d.pdb'; linking object as if no debug info
     1>sfml-window-s-d.lib(WindowImplWin32.cpp.obj) : warning LNK4099: PDB 'sfml-window-s-d.pdb' was not found with 'sfml-window-s-d.lib(WindowImplWin32.cpp.obj)' or at 'H:\Desktop\OpGL\openglex-18\Debug\sfml-window-s-d.pdb'; linking object as if no debug info
         openglex-18.vcxproj -> H:\Desktop\OpGL\openglex-18\Debug\openglex-18.exe
     1>Done Building Project "H:\Desktop\OpGL\openglex-18\openglex-18\openglex-18.vcxproj" (Build target(s)).

Build succeeded.

Time Elapsed 00:00:08.98
