c:\users\ek\desktop\c++projects\opengl\openglex-18\openglex-18\debug\openglex-18.pch
c:\users\ek\desktop\c++projects\opengl\openglex-18\openglex-18\debug\stdafx.obj
c:\users\ek\desktop\c++projects\opengl\openglex-18\openglex-18\debug\vc110.pdb
c:\users\ek\desktop\c++projects\opengl\openglex-18\openglex-18\debug\modelreader.obj
c:\users\ek\desktop\c++projects\opengl\openglex-18\openglex-18\debug\openglex-18.obj
c:\users\ek\desktop\c++projects\opengl\openglex-18\openglex-18\debug\textureloader.obj
c:\users\ek\desktop\c++projects\opengl\openglex-18\debug\openglex-18.ilk
c:\users\ek\desktop\c++projects\opengl\openglex-18\debug\openglex-18.exe
c:\users\ek\desktop\c++projects\opengl\openglex-18\debug\openglex-18.pdb
c:\users\ek\desktop\c++projects\opengl\openglex-18\openglex-18\debug\cl.command.1.tlog
c:\users\ek\desktop\c++projects\opengl\openglex-18\openglex-18\debug\cl.read.1.tlog
c:\users\ek\desktop\c++projects\opengl\openglex-18\openglex-18\debug\cl.write.1.tlog
c:\users\ek\desktop\c++projects\opengl\openglex-18\openglex-18\debug\link-cvtres.read.1.tlog
c:\users\ek\desktop\c++projects\opengl\openglex-18\openglex-18\debug\link-cvtres.write.1.tlog
c:\users\ek\desktop\c++projects\opengl\openglex-18\openglex-18\debug\link-rc.read.1.tlog
c:\users\ek\desktop\c++projects\opengl\openglex-18\openglex-18\debug\link-rc.write.1.tlog
c:\users\ek\desktop\c++projects\opengl\openglex-18\openglex-18\debug\link.11924-cvtres.read.1.tlog
c:\users\ek\desktop\c++projects\opengl\openglex-18\openglex-18\debug\link.11924-cvtres.write.1.tlog
c:\users\ek\desktop\c++projects\opengl\openglex-18\openglex-18\debug\link.11924-rc.read.1.tlog
c:\users\ek\desktop\c++projects\opengl\openglex-18\openglex-18\debug\link.11924-rc.write.1.tlog
c:\users\ek\desktop\c++projects\opengl\openglex-18\openglex-18\debug\link.11924.read.1.tlog
c:\users\ek\desktop\c++projects\opengl\openglex-18\openglex-18\debug\link.11924.read.2.tlog
c:\users\ek\desktop\c++projects\opengl\openglex-18\openglex-18\debug\link.11924.write.1.tlog
c:\users\ek\desktop\c++projects\opengl\openglex-18\openglex-18\debug\link.12064-cvtres.read.1.tlog
c:\users\ek\desktop\c++projects\opengl\openglex-18\openglex-18\debug\link.12064-cvtres.write.1.tlog
c:\users\ek\desktop\c++projects\opengl\openglex-18\openglex-18\debug\link.12064-rc.read.1.tlog
c:\users\ek\desktop\c++projects\opengl\openglex-18\openglex-18\debug\link.12064-rc.write.1.tlog
c:\users\ek\desktop\c++projects\opengl\openglex-18\openglex-18\debug\link.12064.read.1.tlog
c:\users\ek\desktop\c++projects\opengl\openglex-18\openglex-18\debug\link.12064.read.2.tlog
c:\users\ek\desktop\c++projects\opengl\openglex-18\openglex-18\debug\link.12064.write.1.tlog
c:\users\ek\desktop\c++projects\opengl\openglex-18\openglex-18\debug\link.13520-cvtres.read.1.tlog
c:\users\ek\desktop\c++projects\opengl\openglex-18\openglex-18\debug\link.13520-cvtres.write.1.tlog
c:\users\ek\desktop\c++projects\opengl\openglex-18\openglex-18\debug\link.13520-rc.read.1.tlog
c:\users\ek\desktop\c++projects\opengl\openglex-18\openglex-18\debug\link.13520-rc.write.1.tlog
c:\users\ek\desktop\c++projects\opengl\openglex-18\openglex-18\debug\link.13520.read.1.tlog
c:\users\ek\desktop\c++projects\opengl\openglex-18\openglex-18\debug\link.13520.read.2.tlog
c:\users\ek\desktop\c++projects\opengl\openglex-18\openglex-18\debug\link.13520.write.1.tlog
c:\users\ek\desktop\c++projects\opengl\openglex-18\openglex-18\debug\link.17732-cvtres.read.1.tlog
c:\users\ek\desktop\c++projects\opengl\openglex-18\openglex-18\debug\link.17732-cvtres.write.1.tlog
c:\users\ek\desktop\c++projects\opengl\openglex-18\openglex-18\debug\link.17732-rc.read.1.tlog
c:\users\ek\desktop\c++projects\opengl\openglex-18\openglex-18\debug\link.17732-rc.write.1.tlog
c:\users\ek\desktop\c++projects\opengl\openglex-18\openglex-18\debug\link.17732.read.1.tlog
c:\users\ek\desktop\c++projects\opengl\openglex-18\openglex-18\debug\link.17732.read.2.tlog
c:\users\ek\desktop\c++projects\opengl\openglex-18\openglex-18\debug\link.17732.write.1.tlog
c:\users\ek\desktop\c++projects\opengl\openglex-18\openglex-18\debug\link.5440-cvtres.read.1.tlog
c:\users\ek\desktop\c++projects\opengl\openglex-18\openglex-18\debug\link.5440-cvtres.write.1.tlog
c:\users\ek\desktop\c++projects\opengl\openglex-18\openglex-18\debug\link.5440-rc.read.1.tlog
c:\users\ek\desktop\c++projects\opengl\openglex-18\openglex-18\debug\link.5440-rc.write.1.tlog
c:\users\ek\desktop\c++projects\opengl\openglex-18\openglex-18\debug\link.5440.read.1.tlog
c:\users\ek\desktop\c++projects\opengl\openglex-18\openglex-18\debug\link.5440.read.2.tlog
c:\users\ek\desktop\c++projects\opengl\openglex-18\openglex-18\debug\link.5440.write.1.tlog
c:\users\ek\desktop\c++projects\opengl\openglex-18\openglex-18\debug\link.7580-cvtres.read.1.tlog
c:\users\ek\desktop\c++projects\opengl\openglex-18\openglex-18\debug\link.7580-cvtres.write.1.tlog
c:\users\ek\desktop\c++projects\opengl\openglex-18\openglex-18\debug\link.7580-rc.read.1.tlog
c:\users\ek\desktop\c++projects\opengl\openglex-18\openglex-18\debug\link.7580-rc.write.1.tlog
c:\users\ek\desktop\c++projects\opengl\openglex-18\openglex-18\debug\link.7580.read.1.tlog
c:\users\ek\desktop\c++projects\opengl\openglex-18\openglex-18\debug\link.7580.read.2.tlog
c:\users\ek\desktop\c++projects\opengl\openglex-18\openglex-18\debug\link.7580.write.1.tlog
c:\users\ek\desktop\c++projects\opengl\openglex-18\openglex-18\debug\link.command.1.tlog
c:\users\ek\desktop\c++projects\opengl\openglex-18\openglex-18\debug\link.read.1.tlog
c:\users\ek\desktop\c++projects\opengl\openglex-18\openglex-18\debug\link.read.2.tlog
c:\users\ek\desktop\c++projects\opengl\openglex-18\openglex-18\debug\link.write.1.tlog
c:\users\ek\desktop\c++projects\opengl\openglex-18\openglex-18\debug\vc110.idb
