c:\users\ek\desktop\c++projects\opengl\openglex-18\openglex-18\release\openglex-18.pch
c:\users\ek\desktop\c++projects\opengl\openglex-18\openglex-18\release\stdafx.obj
c:\users\ek\desktop\c++projects\opengl\openglex-18\openglex-18\release\vc110.pdb
c:\users\ek\desktop\c++projects\opengl\openglex-18\openglex-18\release\openglex-18.obj
c:\users\ek\desktop\c++projects\opengl\openglex-18\openglex-18\release\textureloader.obj
c:\users\ek\desktop\c++projects\opengl\openglex-18\openglex-18\release\scene.obj
c:\users\ek\desktop\c++projects\opengl\openglex-18\openglex-18\release\modelreader.obj
c:\users\ek\desktop\c++projects\opengl\openglex-18\openglex-18\release\model.obj
c:\users\ek\desktop\c++projects\opengl\openglex-18\openglex-18\release\camera.obj
c:\users\ek\desktop\c++projects\opengl\openglex-18\release\openglex-18.exe
c:\users\ek\desktop\c++projects\opengl\openglex-18\release\openglex-18.pdb
c:\users\ek\desktop\c++projects\opengl\openglex-18\openglex-18\release\cl.command.1.tlog
c:\users\ek\desktop\c++projects\opengl\openglex-18\openglex-18\release\cl.read.1.tlog
c:\users\ek\desktop\c++projects\opengl\openglex-18\openglex-18\release\cl.write.1.tlog
c:\users\ek\desktop\c++projects\opengl\openglex-18\openglex-18\release\link-cvtres.read.1.tlog
c:\users\ek\desktop\c++projects\opengl\openglex-18\openglex-18\release\link-cvtres.write.1.tlog
c:\users\ek\desktop\c++projects\opengl\openglex-18\openglex-18\release\link-rc.read.1.tlog
c:\users\ek\desktop\c++projects\opengl\openglex-18\openglex-18\release\link-rc.write.1.tlog
c:\users\ek\desktop\c++projects\opengl\openglex-18\openglex-18\release\link.command.1.tlog
c:\users\ek\desktop\c++projects\opengl\openglex-18\openglex-18\release\link.read.1.tlog
c:\users\ek\desktop\c++projects\opengl\openglex-18\openglex-18\release\link.write.1.tlog
