Build started 4/17/2016 12:10:43 PM.
     1>Project "C:\Users\EK\Desktop\C++Projects\OpenGL\openglex-18\openglex-18\openglex-18.vcxproj" on node 2 (Build target(s)).
     1>ClCompile:
         C:\Program Files (x86)\Microsoft Visual Studio 11.0\VC\bin\CL.exe /c /Zi /nologo /W3 /WX- /sdl /O2 /Oi /Oy- /GL /D SFML_STATIC /D WIN32 /D NDEBUG /D _CONSOLE /D _UNICODE /D UNICODE /Gm- /EHsc /MD /GS /Gy /fp:precise /Zc:wchar_t /Zc:forScope /Yu"stdafx.h" /Fp"Release\openglex-18.pch" /Fo"Release\\" /Fd"Release\vc110.pdb" /Gd /TP /analyze- /errorReport:prompt "openglex-18.cpp"
         openglex-18.cpp
     1>openglex-18.cpp(322): warning C4305: 'argument' : truncation from 'double' to 'GLfloat'
       Link:
         C:\Program Files (x86)\Microsoft Visual Studio 11.0\VC\bin\link.exe /ERRORREPORT:PROMPT /OUT:"C:\Users\EK\Desktop\C++Projects\OpenGL\openglex-18\Release\openglex-18.exe" /INCREMENTAL:NO /NOLOGO User32.lib gdi32.lib winmm.lib glew32s.lib "sfml-system-s.lib" "sfml-window-s.lib" "sfml-graphics-s.lib" opengl32.lib glu32.lib kernel32.lib user32.lib gdi32.lib winspool.lib comdlg32.lib advapi32.lib shell32.lib ole32.lib oleaut32.lib uuid.lib odbc32.lib odbccp32.lib /MANIFEST /MANIFESTUAC:"level='asInvoker' uiAccess='false'" /manifest:embed /DEBUG /PDB:"C:\Users\EK\Desktop\C++Projects\OpenGL\openglex-18\Release\openglex-18.pdb" /SUBSYSTEM:CONSOLE /OPT:REF /OPT:ICF /LTCG /TLBID:1 /DYNAMICBASE /NXCOMPAT /IMPLIB:"C:\Users\EK\Desktop\C++Projects\OpenGL\openglex-18\Release\openglex-18.lib" /MACHINE:X86 /SAFESEH Release\Camera.obj
         Release\Model.obj
         Release\ModelReader.obj
         "Release\openglex-18.obj"
         Release\Scene.obj
         Release\stdafx.obj
         Release\TextureLoader.obj
         Generating code
         Finished generating code
         openglex-18.vcxproj -> C:\Users\EK\Desktop\C++Projects\OpenGL\openglex-18\Release\openglex-18.exe
     1>Done Building Project "C:\Users\EK\Desktop\C++Projects\OpenGL\openglex-18\openglex-18\openglex-18.vcxproj" (Build target(s)).

Build succeeded.

Time Elapsed 00:00:01.84
